<?xml version="1.0" encoding="UTF-8"?>
<testsuite xmlns:xsi="http://www.w3.org/2001/XMLSchema-instance" xsi:noNamespaceSchemaLocation="https://maven.apache.org/surefire/maven-surefire-plugin/xsd/surefire-test-report.xsd" version="3.0.2" name="calculator.TestDivides" time="0.119" tests="7" errors="0" skipped="0" failures="0">
  <properties>
[...]
</properties>
  <testcase name="TestDivisionByZero" classname="calculator.TestDivides" time="0.027"/>
  <testcase name="testNull" classname="calculator.TestDivides" time="0.016"/>
  <testcase name="testConstructor1" classname="calculator.TestDivides" time="0.007"/>
  <testcase name="testConstructor2" classname="calculator.TestDivides" time="0.008"/>
  <testcase name="testHashCode" classname="calculator.TestDivides" time="0.005"/>
  <testcase name="testNullParamList" classname="calculator.TestDivides" time="0.007"/>
  <testcase name="testEquals" classname="calculator.TestDivides" time="0.013"/>
</testsuite>